2025-05-28 13:16:23 - __main__ - ERROR - [SYSTEM] - Test error message
2025-05-28 13:17:20 - __main__ - ERROR - [SYSTEM] - Test error message
2025-05-28 15:25:02 - src.scrapers.book_scraper - ERROR - [parenting-4ba18a3e] - Error extracting books from page: Message: Unable to find session with ID: 3c2a784309d782ccc656fd14600e90da
Build info: version: '4.15.0', revision: '1d14b5521b'
System info: os.name: 'Linux', os.arch: 'amd64', os.version: '6.6.87.1-microsoft-standard-WSL2', java.version: '11.0.21'
Driver info: driver.version: unknown
Stacktrace:
org.openqa.selenium.NoSuchSessionException: Unable to find session with ID: 3c2a784309d782ccc656fd14600e90da
Build info: version: '4.15.0', revision: '1d14b5521b'
System info: os.name: 'Linux', os.arch: 'amd64', os.version: '6.6.87.1-microsoft-standard-WSL2', java.version: '11.0.21'
Driver info: driver.version: unknown
	at org.openqa.selenium.grid.sessionmap.local.LocalSessionMap.get(LocalSessionMap.java:132)
	at org.openqa.selenium.grid.router.HandleSession.lambda$loadSessionId$4(HandleSession.java:160)
	at io.opentelemetry.context.Context.lambda$wrap$2(Context.java:224)
	at org.openqa.selenium.grid.router.HandleSession.execute(HandleSession.java:122)
	at org.openqa.selenium.remote.http.Route$PredicatedRoute.handle(Route.java:382)
	at org.openqa.selenium.remote.http.Route.execute(Route.java:69)
	at org.openqa.selenium.remote.http.Route$CombinedRoute.handle(Route.java:345)
	at org.openqa.selenium.remote.http.Route.execute(Route.java:69)
	at org.openqa.selenium.grid.router.Router.execute(Router.java:87)
	at org.openqa.selenium.grid.web.EnsureSpecCompliantResponseHeaders.lambda$apply$0(EnsureSpecCompliantResponseHeaders.java:34)
	at org.openqa.selenium.remote.http.Filter$1.execute(Filter.java:63)
	at org.openqa.selenium.remote.http.Route$CombinedRoute.handle(Route.java:345)
	at org.openqa.selenium.remote.http.Route.execute(Route.java:69)
	at org.openqa.selenium.remote.http.Route$NestedRoute.handle(Route.java:271)
	at org.openqa.selenium.remote.http.Route.execute(Route.java:69)
	at org.openqa.selenium.remote.http.Route$CombinedRoute.handle(Route.java:345)
	at org.openqa.selenium.remote.http.Route.execute(Route.java:69)
	at org.openqa.selenium.remote.http.Route$CombinedRoute.handle(Route.java:345)
	at org.openqa.selenium.remote.http.Route.execute(Route.java:69)
	at org.openqa.selenium.remote.http.Route$CombinedRoute.handle(Route.java:345)
	at org.openqa.selenium.remote.http.Route.execute(Route.java:69)
	at org.openqa.selenium.remote.http.Route$CombinedRoute.handle(Route.java:345)
	at org.openqa.selenium.remote.http.Route.execute(Route.java:69)
	at org.openqa.selenium.remote.AddWebDriverSpecHeaders.lambda$apply$0(AddWebDriverSpecHeaders.java:35)
	at org.openqa.selenium.remote.ErrorFilter.lambda$apply$0(ErrorFilter.java:44)
	at org.openqa.selenium.remote.http.Filter$1.execute(Filter.java:63)
	at org.openqa.selenium.remote.ErrorFilter.lambda$apply$0(ErrorFilter.java:44)
	at org.openqa.selenium.remote.http.Filter$1.execute(Filter.java:63)
	at org.openqa.selenium.netty.server.SeleniumHandler.lambda$channelRead0$0(SeleniumHandler.java:44)
	at java.base/java.util.concurrent.Executors$RunnableAdapter.call(Executors.java:515)
	at java.base/java.util.concurrent.FutureTask.run(FutureTask.java:264)
	at java.base/java.util.concurrent.ThreadPoolExecutor.runWorker(ThreadPoolExecutor.java:1128)
	at java.base/java.util.concurrent.ThreadPoolExecutor$Worker.run(ThreadPoolExecutor.java:628)
	at java.base/java.lang.Thread.run(Thread.java:829)

2025-05-28 15:25:08 - src.scrapers.book_scraper - ERROR - [adult fiction-dc520035] - Error extracting books from page: Message: Unable to find session with ID: 5f5815f37ee3f2276eacf97bddf8056a
Build info: version: '4.15.0', revision: '1d14b5521b'
System info: os.name: 'Linux', os.arch: 'amd64', os.version: '6.6.87.1-microsoft-standard-WSL2', java.version: '11.0.21'
Driver info: driver.version: unknown
Stacktrace:
org.openqa.selenium.NoSuchSessionException: Unable to find session with ID: 5f5815f37ee3f2276eacf97bddf8056a
Build info: version: '4.15.0', revision: '1d14b5521b'
System info: os.name: 'Linux', os.arch: 'amd64', os.version: '6.6.87.1-microsoft-standard-WSL2', java.version: '11.0.21'
Driver info: driver.version: unknown
	at org.openqa.selenium.grid.sessionmap.local.LocalSessionMap.get(LocalSessionMap.java:132)
	at org.openqa.selenium.grid.router.HandleSession.lambda$loadSessionId$4(HandleSession.java:160)
	at io.opentelemetry.context.Context.lambda$wrap$2(Context.java:224)
	at org.openqa.selenium.grid.router.HandleSession.execute(HandleSession.java:122)
	at org.openqa.selenium.remote.http.Route$PredicatedRoute.handle(Route.java:382)
	at org.openqa.selenium.remote.http.Route.execute(Route.java:69)
	at org.openqa.selenium.remote.http.Route$CombinedRoute.handle(Route.java:345)
	at org.openqa.selenium.remote.http.Route.execute(Route.java:69)
	at org.openqa.selenium.grid.router.Router.execute(Router.java:87)
	at org.openqa.selenium.grid.web.EnsureSpecCompliantResponseHeaders.lambda$apply$0(EnsureSpecCompliantResponseHeaders.java:34)
	at org.openqa.selenium.remote.http.Filter$1.execute(Filter.java:63)
	at org.openqa.selenium.remote.http.Route$CombinedRoute.handle(Route.java:345)
	at org.openqa.selenium.remote.http.Route.execute(Route.java:69)
	at org.openqa.selenium.remote.http.Route$NestedRoute.handle(Route.java:271)
	at org.openqa.selenium.remote.http.Route.execute(Route.java:69)
	at org.openqa.selenium.remote.http.Route$CombinedRoute.handle(Route.java:345)
	at org.openqa.selenium.remote.http.Route.execute(Route.java:69)
	at org.openqa.selenium.remote.http.Route$CombinedRoute.handle(Route.java:345)
	at org.openqa.selenium.remote.http.Route.execute(Route.java:69)
	at org.openqa.selenium.remote.http.Route$CombinedRoute.handle(Route.java:345)
	at org.openqa.selenium.remote.http.Route.execute(Route.java:69)
	at org.openqa.selenium.remote.http.Route$CombinedRoute.handle(Route.java:345)
	at org.openqa.selenium.remote.http.Route.execute(Route.java:69)
	at org.openqa.selenium.remote.AddWebDriverSpecHeaders.lambda$apply$0(AddWebDriverSpecHeaders.java:35)
	at org.openqa.selenium.remote.ErrorFilter.lambda$apply$0(ErrorFilter.java:44)
	at org.openqa.selenium.remote.http.Filter$1.execute(Filter.java:63)
	at org.openqa.selenium.remote.ErrorFilter.lambda$apply$0(ErrorFilter.java:44)
	at org.openqa.selenium.remote.http.Filter$1.execute(Filter.java:63)
	at org.openqa.selenium.netty.server.SeleniumHandler.lambda$channelRead0$0(SeleniumHandler.java:44)
	at java.base/java.util.concurrent.Executors$RunnableAdapter.call(Executors.java:515)
	at java.base/java.util.concurrent.FutureTask.run(FutureTask.java:264)
	at java.base/java.util.concurrent.ThreadPoolExecutor.runWorker(ThreadPoolExecutor.java:1128)
	at java.base/java.util.concurrent.ThreadPoolExecutor$Worker.run(ThreadPoolExecutor.java:628)
	at java.base/java.lang.Thread.run(Thread.java:829)

2025-05-28 15:25:13 - src.scrapers.book_scraper - ERROR - [humor-9540b610] - Error extracting books from page: Message: Unable to find session with ID: e829058f96955634b986b08213d2110f
Build info: version: '4.15.0', revision: '1d14b5521b'
System info: os.name: 'Linux', os.arch: 'amd64', os.version: '6.6.87.1-microsoft-standard-WSL2', java.version: '11.0.21'
Driver info: driver.version: unknown
Stacktrace:
org.openqa.selenium.NoSuchSessionException: Unable to find session with ID: e829058f96955634b986b08213d2110f
Build info: version: '4.15.0', revision: '1d14b5521b'
System info: os.name: 'Linux', os.arch: 'amd64', os.version: '6.6.87.1-microsoft-standard-WSL2', java.version: '11.0.21'
Driver info: driver.version: unknown
	at org.openqa.selenium.grid.sessionmap.local.LocalSessionMap.get(LocalSessionMap.java:132)
	at org.openqa.selenium.grid.router.HandleSession.lambda$loadSessionId$4(HandleSession.java:160)
	at io.opentelemetry.context.Context.lambda$wrap$2(Context.java:224)
	at org.openqa.selenium.grid.router.HandleSession.execute(HandleSession.java:122)
	at org.openqa.selenium.remote.http.Route$PredicatedRoute.handle(Route.java:382)
	at org.openqa.selenium.remote.http.Route.execute(Route.java:69)
	at org.openqa.selenium.remote.http.Route$CombinedRoute.handle(Route.java:345)
	at org.openqa.selenium.remote.http.Route.execute(Route.java:69)
	at org.openqa.selenium.grid.router.Router.execute(Router.java:87)
	at org.openqa.selenium.grid.web.EnsureSpecCompliantResponseHeaders.lambda$apply$0(EnsureSpecCompliantResponseHeaders.java:34)
	at org.openqa.selenium.remote.http.Filter$1.execute(Filter.java:63)
	at org.openqa.selenium.remote.http.Route$CombinedRoute.handle(Route.java:345)
	at org.openqa.selenium.remote.http.Route.execute(Route.java:69)
	at org.openqa.selenium.remote.http.Route$NestedRoute.handle(Route.java:271)
	at org.openqa.selenium.remote.http.Route.execute(Route.java:69)
	at org.openqa.selenium.remote.http.Route$CombinedRoute.handle(Route.java:345)
	at org.openqa.selenium.remote.http.Route.execute(Route.java:69)
	at org.openqa.selenium.remote.http.Route$CombinedRoute.handle(Route.java:345)
	at org.openqa.selenium.remote.http.Route.execute(Route.java:69)
	at org.openqa.selenium.remote.http.Route$CombinedRoute.handle(Route.java:345)
	at org.openqa.selenium.remote.http.Route.execute(Route.java:69)
	at org.openqa.selenium.remote.http.Route$CombinedRoute.handle(Route.java:345)
	at org.openqa.selenium.remote.http.Route.execute(Route.java:69)
	at org.openqa.selenium.remote.AddWebDriverSpecHeaders.lambda$apply$0(AddWebDriverSpecHeaders.java:35)
	at org.openqa.selenium.remote.ErrorFilter.lambda$apply$0(ErrorFilter.java:44)
	at org.openqa.selenium.remote.http.Filter$1.execute(Filter.java:63)
	at org.openqa.selenium.remote.ErrorFilter.lambda$apply$0(ErrorFilter.java:44)
	at org.openqa.selenium.remote.http.Filter$1.execute(Filter.java:63)
	at org.openqa.selenium.netty.server.SeleniumHandler.lambda$channelRead0$0(SeleniumHandler.java:44)
	at java.base/java.util.concurrent.Executors$RunnableAdapter.call(Executors.java:515)
	at java.base/java.util.concurrent.FutureTask.run(FutureTask.java:264)
	at java.base/java.util.concurrent.ThreadPoolExecutor.runWorker(ThreadPoolExecutor.java:1128)
	at java.base/java.util.concurrent.ThreadPoolExecutor$Worker.run(ThreadPoolExecutor.java:628)
	at java.base/java.lang.Thread.run(Thread.java:829)

2025-05-28 15:25:19 - src.scrapers.book_scraper - ERROR - [horror-299039ac] - Error extracting books from page: Message: Unable to find session with ID: aa5dcf93ec243f17cc3c956288aa4d44
Build info: version: '4.15.0', revision: '1d14b5521b'
System info: os.name: 'Linux', os.arch: 'amd64', os.version: '6.6.87.1-microsoft-standard-WSL2', java.version: '11.0.21'
Driver info: driver.version: unknown
Stacktrace:
org.openqa.selenium.NoSuchSessionException: Unable to find session with ID: aa5dcf93ec243f17cc3c956288aa4d44
Build info: version: '4.15.0', revision: '1d14b5521b'
System info: os.name: 'Linux', os.arch: 'amd64', os.version: '6.6.87.1-microsoft-standard-WSL2', java.version: '11.0.21'
Driver info: driver.version: unknown
	at org.openqa.selenium.grid.sessionmap.local.LocalSessionMap.get(LocalSessionMap.java:132)
	at org.openqa.selenium.grid.router.HandleSession.lambda$loadSessionId$4(HandleSession.java:160)
	at io.opentelemetry.context.Context.lambda$wrap$2(Context.java:224)
	at org.openqa.selenium.grid.router.HandleSession.execute(HandleSession.java:122)
	at org.openqa.selenium.remote.http.Route$PredicatedRoute.handle(Route.java:382)
	at org.openqa.selenium.remote.http.Route.execute(Route.java:69)
	at org.openqa.selenium.remote.http.Route$CombinedRoute.handle(Route.java:345)
	at org.openqa.selenium.remote.http.Route.execute(Route.java:69)
	at org.openqa.selenium.grid.router.Router.execute(Router.java:87)
	at org.openqa.selenium.grid.web.EnsureSpecCompliantResponseHeaders.lambda$apply$0(EnsureSpecCompliantResponseHeaders.java:34)
	at org.openqa.selenium.remote.http.Filter$1.execute(Filter.java:63)
	at org.openqa.selenium.remote.http.Route$CombinedRoute.handle(Route.java:345)
	at org.openqa.selenium.remote.http.Route.execute(Route.java:69)
	at org.openqa.selenium.remote.http.Route$NestedRoute.handle(Route.java:271)
	at org.openqa.selenium.remote.http.Route.execute(Route.java:69)
	at org.openqa.selenium.remote.http.Route$CombinedRoute.handle(Route.java:345)
	at org.openqa.selenium.remote.http.Route.execute(Route.java:69)
	at org.openqa.selenium.remote.http.Route$CombinedRoute.handle(Route.java:345)
	at org.openqa.selenium.remote.http.Route.execute(Route.java:69)
	at org.openqa.selenium.remote.http.Route$CombinedRoute.handle(Route.java:345)
	at org.openqa.selenium.remote.http.Route.execute(Route.java:69)
	at org.openqa.selenium.remote.http.Route$CombinedRoute.handle(Route.java:345)
	at org.openqa.selenium.remote.http.Route.execute(Route.java:69)
	at org.openqa.selenium.remote.AddWebDriverSpecHeaders.lambda$apply$0(AddWebDriverSpecHeaders.java:35)
	at org.openqa.selenium.remote.ErrorFilter.lambda$apply$0(ErrorFilter.java:44)
	at org.openqa.selenium.remote.http.Filter$1.execute(Filter.java:63)
	at org.openqa.selenium.remote.ErrorFilter.lambda$apply$0(ErrorFilter.java:44)
	at org.openqa.selenium.remote.http.Filter$1.execute(Filter.java:63)
	at org.openqa.selenium.netty.server.SeleniumHandler.lambda$channelRead0$0(SeleniumHandler.java:44)
	at java.base/java.util.concurrent.Executors$RunnableAdapter.call(Executors.java:515)
	at java.base/java.util.concurrent.FutureTask.run(FutureTask.java:264)
	at java.base/java.util.concurrent.ThreadPoolExecutor.runWorker(ThreadPoolExecutor.java:1128)
	at java.base/java.util.concurrent.ThreadPoolExecutor$Worker.run(ThreadPoolExecutor.java:628)
	at java.base/java.lang.Thread.run(Thread.java:829)

2025-05-28 15:25:23 - src.scrapers.book_scraper - ERROR - [history-6877fe0f] - Error extracting books from page: Message: Unable to find session with ID: 2ba38f41b70e98ba7ddb28c3d8a469d5
Build info: version: '4.15.0', revision: '1d14b5521b'
System info: os.name: 'Linux', os.arch: 'amd64', os.version: '6.6.87.1-microsoft-standard-WSL2', java.version: '11.0.21'
Driver info: driver.version: unknown
Stacktrace:
org.openqa.selenium.NoSuchSessionException: Unable to find session with ID: 2ba38f41b70e98ba7ddb28c3d8a469d5
Build info: version: '4.15.0', revision: '1d14b5521b'
System info: os.name: 'Linux', os.arch: 'amd64', os.version: '6.6.87.1-microsoft-standard-WSL2', java.version: '11.0.21'
Driver info: driver.version: unknown
	at org.openqa.selenium.grid.sessionmap.local.LocalSessionMap.get(LocalSessionMap.java:132)
	at org.openqa.selenium.grid.router.HandleSession.lambda$loadSessionId$4(HandleSession.java:160)
	at io.opentelemetry.context.Context.lambda$wrap$2(Context.java:224)
	at org.openqa.selenium.grid.router.HandleSession.execute(HandleSession.java:122)
	at org.openqa.selenium.remote.http.Route$PredicatedRoute.handle(Route.java:382)
	at org.openqa.selenium.remote.http.Route.execute(Route.java:69)
	at org.openqa.selenium.remote.http.Route$CombinedRoute.handle(Route.java:345)
	at org.openqa.selenium.remote.http.Route.execute(Route.java:69)
	at org.openqa.selenium.grid.router.Router.execute(Router.java:87)
	at org.openqa.selenium.grid.web.EnsureSpecCompliantResponseHeaders.lambda$apply$0(EnsureSpecCompliantResponseHeaders.java:34)
	at org.openqa.selenium.remote.http.Filter$1.execute(Filter.java:63)
	at org.openqa.selenium.remote.http.Route$CombinedRoute.handle(Route.java:345)
	at org.openqa.selenium.remote.http.Route.execute(Route.java:69)
	at org.openqa.selenium.remote.http.Route$NestedRoute.handle(Route.java:271)
	at org.openqa.selenium.remote.http.Route.execute(Route.java:69)
	at org.openqa.selenium.remote.http.Route$CombinedRoute.handle(Route.java:345)
	at org.openqa.selenium.remote.http.Route.execute(Route.java:69)
	at org.openqa.selenium.remote.http.Route$CombinedRoute.handle(Route.java:345)
	at org.openqa.selenium.remote.http.Route.execute(Route.java:69)
	at org.openqa.selenium.remote.http.Route$CombinedRoute.handle(Route.java:345)
	at org.openqa.selenium.remote.http.Route.execute(Route.java:69)
	at org.openqa.selenium.remote.http.Route$CombinedRoute.handle(Route.java:345)
	at org.openqa.selenium.remote.http.Route.execute(Route.java:69)
	at org.openqa.selenium.remote.AddWebDriverSpecHeaders.lambda$apply$0(AddWebDriverSpecHeaders.java:35)
	at org.openqa.selenium.remote.ErrorFilter.lambda$apply$0(ErrorFilter.java:44)
	at org.openqa.selenium.remote.http.Filter$1.execute(Filter.java:63)
	at org.openqa.selenium.remote.ErrorFilter.lambda$apply$0(ErrorFilter.java:44)
	at org.openqa.selenium.remote.http.Filter$1.execute(Filter.java:63)
	at org.openqa.selenium.netty.server.SeleniumHandler.lambda$channelRead0$0(SeleniumHandler.java:44)
	at java.base/java.util.concurrent.Executors$RunnableAdapter.call(Executors.java:515)
	at java.base/java.util.concurrent.FutureTask.run(FutureTask.java:264)
	at java.base/java.util.concurrent.ThreadPoolExecutor.runWorker(ThreadPoolExecutor.java:1128)
	at java.base/java.util.concurrent.ThreadPoolExecutor$Worker.run(ThreadPoolExecutor.java:628)
	at java.base/java.lang.Thread.run(Thread.java:829)

2025-05-28 15:25:29 - src.scrapers.book_scraper - ERROR - [food and drink-1bbedf23] - Error extracting books from page: Message: Unable to find session with ID: 8c015a46dff8510808bfc83c2c071374
Build info: version: '4.15.0', revision: '1d14b5521b'
System info: os.name: 'Linux', os.arch: 'amd64', os.version: '6.6.87.1-microsoft-standard-WSL2', java.version: '11.0.21'
Driver info: driver.version: unknown
Stacktrace:
org.openqa.selenium.NoSuchSessionException: Unable to find session with ID: 8c015a46dff8510808bfc83c2c071374
Build info: version: '4.15.0', revision: '1d14b5521b'
System info: os.name: 'Linux', os.arch: 'amd64', os.version: '6.6.87.1-microsoft-standard-WSL2', java.version: '11.0.21'
Driver info: driver.version: unknown
	at org.openqa.selenium.grid.sessionmap.local.LocalSessionMap.get(LocalSessionMap.java:132)
	at org.openqa.selenium.grid.router.HandleSession.lambda$loadSessionId$4(HandleSession.java:160)
	at io.opentelemetry.context.Context.lambda$wrap$2(Context.java:224)
	at org.openqa.selenium.grid.router.HandleSession.execute(HandleSession.java:122)
	at org.openqa.selenium.remote.http.Route$PredicatedRoute.handle(Route.java:382)
	at org.openqa.selenium.remote.http.Route.execute(Route.java:69)
	at org.openqa.selenium.remote.http.Route$CombinedRoute.handle(Route.java:345)
	at org.openqa.selenium.remote.http.Route.execute(Route.java:69)
	at org.openqa.selenium.grid.router.Router.execute(Router.java:87)
	at org.openqa.selenium.grid.web.EnsureSpecCompliantResponseHeaders.lambda$apply$0(EnsureSpecCompliantResponseHeaders.java:34)
	at org.openqa.selenium.remote.http.Filter$1.execute(Filter.java:63)
	at org.openqa.selenium.remote.http.Route$CombinedRoute.handle(Route.java:345)
	at org.openqa.selenium.remote.http.Route.execute(Route.java:69)
	at org.openqa.selenium.remote.http.Route$NestedRoute.handle(Route.java:271)
	at org.openqa.selenium.remote.http.Route.execute(Route.java:69)
	at org.openqa.selenium.remote.http.Route$CombinedRoute.handle(Route.java:345)
	at org.openqa.selenium.remote.http.Route.execute(Route.java:69)
	at org.openqa.selenium.remote.http.Route$CombinedRoute.handle(Route.java:345)
	at org.openqa.selenium.remote.http.Route.execute(Route.java:69)
	at org.openqa.selenium.remote.http.Route$CombinedRoute.handle(Route.java:345)
	at org.openqa.selenium.remote.http.Route.execute(Route.java:69)
	at org.openqa.selenium.remote.http.Route$CombinedRoute.handle(Route.java:345)
	at org.openqa.selenium.remote.http.Route.execute(Route.java:69)
	at org.openqa.selenium.remote.AddWebDriverSpecHeaders.lambda$apply$0(AddWebDriverSpecHeaders.java:35)
	at org.openqa.selenium.remote.ErrorFilter.lambda$apply$0(ErrorFilter.java:44)
	at org.openqa.selenium.remote.http.Filter$1.execute(Filter.java:63)
	at org.openqa.selenium.remote.ErrorFilter.lambda$apply$0(ErrorFilter.java:44)
	at org.openqa.selenium.remote.http.Filter$1.execute(Filter.java:63)
	at org.openqa.selenium.netty.server.SeleniumHandler.lambda$channelRead0$0(SeleniumHandler.java:44)
	at java.base/java.util.concurrent.Executors$RunnableAdapter.call(Executors.java:515)
	at java.base/java.util.concurrent.FutureTask.run(FutureTask.java:264)
	at java.base/java.util.concurrent.ThreadPoolExecutor.runWorker(ThreadPoolExecutor.java:1128)
	at java.base/java.util.concurrent.ThreadPoolExecutor$Worker.run(ThreadPoolExecutor.java:628)
	at java.base/java.lang.Thread.run(Thread.java:829)

2025-05-28 15:25:34 - src.scrapers.book_scraper - ERROR - [christian fiction-1e66624d] - Error extracting books from page: Message: Unable to find session with ID: 700e7b56b45ed73ef956662045c3adda
Build info: version: '4.15.0', revision: '1d14b5521b'
System info: os.name: 'Linux', os.arch: 'amd64', os.version: '6.6.87.1-microsoft-standard-WSL2', java.version: '11.0.21'
Driver info: driver.version: unknown
Stacktrace:
org.openqa.selenium.NoSuchSessionException: Unable to find session with ID: 700e7b56b45ed73ef956662045c3adda
Build info: version: '4.15.0', revision: '1d14b5521b'
System info: os.name: 'Linux', os.arch: 'amd64', os.version: '6.6.87.1-microsoft-standard-WSL2', java.version: '11.0.21'
Driver info: driver.version: unknown
	at org.openqa.selenium.grid.sessionmap.local.LocalSessionMap.get(LocalSessionMap.java:132)
	at org.openqa.selenium.grid.router.HandleSession.lambda$loadSessionId$4(HandleSession.java:160)
	at io.opentelemetry.context.Context.lambda$wrap$2(Context.java:224)
	at org.openqa.selenium.grid.router.HandleSession.execute(HandleSession.java:122)
	at org.openqa.selenium.remote.http.Route$PredicatedRoute.handle(Route.java:382)
	at org.openqa.selenium.remote.http.Route.execute(Route.java:69)
	at org.openqa.selenium.remote.http.Route$CombinedRoute.handle(Route.java:345)
	at org.openqa.selenium.remote.http.Route.execute(Route.java:69)
	at org.openqa.selenium.grid.router.Router.execute(Router.java:87)
	at org.openqa.selenium.grid.web.EnsureSpecCompliantResponseHeaders.lambda$apply$0(EnsureSpecCompliantResponseHeaders.java:34)
	at org.openqa.selenium.remote.http.Filter$1.execute(Filter.java:63)
	at org.openqa.selenium.remote.http.Route$CombinedRoute.handle(Route.java:345)
	at org.openqa.selenium.remote.http.Route.execute(Route.java:69)
	at org.openqa.selenium.remote.http.Route$NestedRoute.handle(Route.java:271)
	at org.openqa.selenium.remote.http.Route.execute(Route.java:69)
	at org.openqa.selenium.remote.http.Route$CombinedRoute.handle(Route.java:345)
	at org.openqa.selenium.remote.http.Route.execute(Route.java:69)
	at org.openqa.selenium.remote.http.Route$CombinedRoute.handle(Route.java:345)
	at org.openqa.selenium.remote.http.Route.execute(Route.java:69)
	at org.openqa.selenium.remote.http.Route$CombinedRoute.handle(Route.java:345)
	at org.openqa.selenium.remote.http.Route.execute(Route.java:69)
	at org.openqa.selenium.remote.http.Route$CombinedRoute.handle(Route.java:345)
	at org.openqa.selenium.remote.http.Route.execute(Route.java:69)
	at org.openqa.selenium.remote.AddWebDriverSpecHeaders.lambda$apply$0(AddWebDriverSpecHeaders.java:35)
	at org.openqa.selenium.remote.ErrorFilter.lambda$apply$0(ErrorFilter.java:44)
	at org.openqa.selenium.remote.http.Filter$1.execute(Filter.java:63)
	at org.openqa.selenium.remote.ErrorFilter.lambda$apply$0(ErrorFilter.java:44)
	at org.openqa.selenium.remote.http.Filter$1.execute(Filter.java:63)
	at org.openqa.selenium.netty.server.SeleniumHandler.lambda$channelRead0$0(SeleniumHandler.java:44)
	at java.base/java.util.concurrent.Executors$RunnableAdapter.call(Executors.java:515)
	at java.base/java.util.concurrent.FutureTask.run(FutureTask.java:264)
	at java.base/java.util.concurrent.ThreadPoolExecutor.runWorker(ThreadPoolExecutor.java:1128)
	at java.base/java.util.concurrent.ThreadPoolExecutor$Worker.run(ThreadPoolExecutor.java:628)
	at java.base/java.lang.Thread.run(Thread.java:829)

2025-05-28 15:25:39 - src.scrapers.book_scraper - ERROR - [business-5c5a7001] - Error extracting books from page: Message: Unable to find session with ID: 04f6b6be94bd7639911a6577805a828a
Build info: version: '4.15.0', revision: '1d14b5521b'
System info: os.name: 'Linux', os.arch: 'amd64', os.version: '6.6.87.1-microsoft-standard-WSL2', java.version: '11.0.21'
Driver info: driver.version: unknown
Stacktrace:
org.openqa.selenium.NoSuchSessionException: Unable to find session with ID: 04f6b6be94bd7639911a6577805a828a
Build info: version: '4.15.0', revision: '1d14b5521b'
System info: os.name: 'Linux', os.arch: 'amd64', os.version: '6.6.87.1-microsoft-standard-WSL2', java.version: '11.0.21'
Driver info: driver.version: unknown
	at org.openqa.selenium.grid.sessionmap.local.LocalSessionMap.get(LocalSessionMap.java:132)
	at org.openqa.selenium.grid.router.HandleSession.lambda$loadSessionId$4(HandleSession.java:160)
	at io.opentelemetry.context.Context.lambda$wrap$2(Context.java:224)
	at org.openqa.selenium.grid.router.HandleSession.execute(HandleSession.java:122)
	at org.openqa.selenium.remote.http.Route$PredicatedRoute.handle(Route.java:382)
	at org.openqa.selenium.remote.http.Route.execute(Route.java:69)
	at org.openqa.selenium.remote.http.Route$CombinedRoute.handle(Route.java:345)
	at org.openqa.selenium.remote.http.Route.execute(Route.java:69)
	at org.openqa.selenium.grid.router.Router.execute(Router.java:87)
	at org.openqa.selenium.grid.web.EnsureSpecCompliantResponseHeaders.lambda$apply$0(EnsureSpecCompliantResponseHeaders.java:34)
	at org.openqa.selenium.remote.http.Filter$1.execute(Filter.java:63)
	at org.openqa.selenium.remote.http.Route$CombinedRoute.handle(Route.java:345)
	at org.openqa.selenium.remote.http.Route.execute(Route.java:69)
	at org.openqa.selenium.remote.http.Route$NestedRoute.handle(Route.java:271)
	at org.openqa.selenium.remote.http.Route.execute(Route.java:69)
	at org.openqa.selenium.remote.http.Route$CombinedRoute.handle(Route.java:345)
	at org.openqa.selenium.remote.http.Route.execute(Route.java:69)
	at org.openqa.selenium.remote.http.Route$CombinedRoute.handle(Route.java:345)
	at org.openqa.selenium.remote.http.Route.execute(Route.java:69)
	at org.openqa.selenium.remote.http.Route$CombinedRoute.handle(Route.java:345)
	at org.openqa.selenium.remote.http.Route.execute(Route.java:69)
	at org.openqa.selenium.remote.http.Route$CombinedRoute.handle(Route.java:345)
	at org.openqa.selenium.remote.http.Route.execute(Route.java:69)
	at org.openqa.selenium.remote.AddWebDriverSpecHeaders.lambda$apply$0(AddWebDriverSpecHeaders.java:35)
	at org.openqa.selenium.remote.ErrorFilter.lambda$apply$0(ErrorFilter.java:44)
	at org.openqa.selenium.remote.http.Filter$1.execute(Filter.java:63)
	at org.openqa.selenium.remote.ErrorFilter.lambda$apply$0(ErrorFilter.java:44)
	at org.openqa.selenium.remote.http.Filter$1.execute(Filter.java:63)
	at org.openqa.selenium.netty.server.SeleniumHandler.lambda$channelRead0$0(SeleniumHandler.java:44)
	at java.base/java.util.concurrent.Executors$RunnableAdapter.call(Executors.java:515)
	at java.base/java.util.concurrent.FutureTask.run(FutureTask.java:264)
	at java.base/java.util.concurrent.ThreadPoolExecutor.runWorker(ThreadPoolExecutor.java:1128)
	at java.base/java.util.concurrent.ThreadPoolExecutor$Worker.run(ThreadPoolExecutor.java:628)
	at java.base/java.lang.Thread.run(Thread.java:829)

2025-05-28 15:25:44 - src.scrapers.book_scraper - ERROR - [biography-ada4c3c7] - Error extracting books from page: Message: Unable to find session with ID: 6ff8825c1a4261c91d93b3f7b40cb44f
Build info: version: '4.15.0', revision: '1d14b5521b'
System info: os.name: 'Linux', os.arch: 'amd64', os.version: '6.6.87.1-microsoft-standard-WSL2', java.version: '11.0.21'
Driver info: driver.version: unknown
Stacktrace:
org.openqa.selenium.NoSuchSessionException: Unable to find session with ID: 6ff8825c1a4261c91d93b3f7b40cb44f
Build info: version: '4.15.0', revision: '1d14b5521b'
System info: os.name: 'Linux', os.arch: 'amd64', os.version: '6.6.87.1-microsoft-standard-WSL2', java.version: '11.0.21'
Driver info: driver.version: unknown
	at org.openqa.selenium.grid.sessionmap.local.LocalSessionMap.get(LocalSessionMap.java:132)
	at org.openqa.selenium.grid.router.HandleSession.lambda$loadSessionId$4(HandleSession.java:160)
	at io.opentelemetry.context.Context.lambda$wrap$2(Context.java:224)
	at org.openqa.selenium.grid.router.HandleSession.execute(HandleSession.java:122)
	at org.openqa.selenium.remote.http.Route$PredicatedRoute.handle(Route.java:382)
	at org.openqa.selenium.remote.http.Route.execute(Route.java:69)
	at org.openqa.selenium.remote.http.Route$CombinedRoute.handle(Route.java:345)
	at org.openqa.selenium.remote.http.Route.execute(Route.java:69)
	at org.openqa.selenium.grid.router.Router.execute(Router.java:87)
	at org.openqa.selenium.grid.web.EnsureSpecCompliantResponseHeaders.lambda$apply$0(EnsureSpecCompliantResponseHeaders.java:34)
	at org.openqa.selenium.remote.http.Filter$1.execute(Filter.java:63)
	at org.openqa.selenium.remote.http.Route$CombinedRoute.handle(Route.java:345)
	at org.openqa.selenium.remote.http.Route.execute(Route.java:69)
	at org.openqa.selenium.remote.http.Route$NestedRoute.handle(Route.java:271)
	at org.openqa.selenium.remote.http.Route.execute(Route.java:69)
	at org.openqa.selenium.remote.http.Route$CombinedRoute.handle(Route.java:345)
	at org.openqa.selenium.remote.http.Route.execute(Route.java:69)
	at org.openqa.selenium.remote.http.Route$CombinedRoute.handle(Route.java:345)
	at org.openqa.selenium.remote.http.Route.execute(Route.java:69)
	at org.openqa.selenium.remote.http.Route$CombinedRoute.handle(Route.java:345)
	at org.openqa.selenium.remote.http.Route.execute(Route.java:69)
	at org.openqa.selenium.remote.http.Route$CombinedRoute.handle(Route.java:345)
	at org.openqa.selenium.remote.http.Route.execute(Route.java:69)
	at org.openqa.selenium.remote.AddWebDriverSpecHeaders.lambda$apply$0(AddWebDriverSpecHeaders.java:35)
	at org.openqa.selenium.remote.ErrorFilter.lambda$apply$0(ErrorFilter.java:44)
	at org.openqa.selenium.remote.http.Filter$1.execute(Filter.java:63)
	at org.openqa.selenium.remote.ErrorFilter.lambda$apply$0(ErrorFilter.java:44)
	at org.openqa.selenium.remote.http.Filter$1.execute(Filter.java:63)
	at org.openqa.selenium.netty.server.SeleniumHandler.lambda$channelRead0$0(SeleniumHandler.java:44)
	at java.base/java.util.concurrent.Executors$RunnableAdapter.call(Executors.java:515)
	at java.base/java.util.concurrent.FutureTask.run(FutureTask.java:264)
	at java.base/java.util.concurrent.ThreadPoolExecutor.runWorker(ThreadPoolExecutor.java:1128)
	at java.base/java.util.concurrent.ThreadPoolExecutor$Worker.run(ThreadPoolExecutor.java:628)
	at java.base/java.lang.Thread.run(Thread.java:829)

2025-05-28 15:25:49 - src.scrapers.book_scraper - ERROR - [thriller-a57ef444] - Error extracting books from page: Message: Unable to find session with ID: 89c8104c7a6620b9adf5fd7daf10a808
Build info: version: '4.15.0', revision: '1d14b5521b'
System info: os.name: 'Linux', os.arch: 'amd64', os.version: '6.6.87.1-microsoft-standard-WSL2', java.version: '11.0.21'
Driver info: driver.version: unknown
Stacktrace:
org.openqa.selenium.NoSuchSessionException: Unable to find session with ID: 89c8104c7a6620b9adf5fd7daf10a808
Build info: version: '4.15.0', revision: '1d14b5521b'
System info: os.name: 'Linux', os.arch: 'amd64', os.version: '6.6.87.1-microsoft-standard-WSL2', java.version: '11.0.21'
Driver info: driver.version: unknown
	at org.openqa.selenium.grid.sessionmap.local.LocalSessionMap.get(LocalSessionMap.java:132)
	at org.openqa.selenium.grid.router.HandleSession.lambda$loadSessionId$4(HandleSession.java:160)
	at io.opentelemetry.context.Context.lambda$wrap$2(Context.java:224)
	at org.openqa.selenium.grid.router.HandleSession.execute(HandleSession.java:122)
	at org.openqa.selenium.remote.http.Route$PredicatedRoute.handle(Route.java:382)
	at org.openqa.selenium.remote.http.Route.execute(Route.java:69)
	at org.openqa.selenium.remote.http.Route$CombinedRoute.handle(Route.java:345)
	at org.openqa.selenium.remote.http.Route.execute(Route.java:69)
	at org.openqa.selenium.grid.router.Router.execute(Router.java:87)
	at org.openqa.selenium.grid.web.EnsureSpecCompliantResponseHeaders.lambda$apply$0(EnsureSpecCompliantResponseHeaders.java:34)
	at org.openqa.selenium.remote.http.Filter$1.execute(Filter.java:63)
	at org.openqa.selenium.remote.http.Route$CombinedRoute.handle(Route.java:345)
	at org.openqa.selenium.remote.http.Route.execute(Route.java:69)
	at org.openqa.selenium.remote.http.Route$NestedRoute.handle(Route.java:271)
	at org.openqa.selenium.remote.http.Route.execute(Route.java:69)
	at org.openqa.selenium.remote.http.Route$CombinedRoute.handle(Route.java:345)
	at org.openqa.selenium.remote.http.Route.execute(Route.java:69)
	at org.openqa.selenium.remote.http.Route$CombinedRoute.handle(Route.java:345)
	at org.openqa.selenium.remote.http.Route.execute(Route.java:69)
	at org.openqa.selenium.remote.http.Route$CombinedRoute.handle(Route.java:345)
	at org.openqa.selenium.remote.http.Route.execute(Route.java:69)
	at org.openqa.selenium.remote.http.Route$CombinedRoute.handle(Route.java:345)
	at org.openqa.selenium.remote.http.Route.execute(Route.java:69)
	at org.openqa.selenium.remote.AddWebDriverSpecHeaders.lambda$apply$0(AddWebDriverSpecHeaders.java:35)
	at org.openqa.selenium.remote.ErrorFilter.lambda$apply$0(ErrorFilter.java:44)
	at org.openqa.selenium.remote.http.Filter$1.execute(Filter.java:63)
	at org.openqa.selenium.remote.ErrorFilter.lambda$apply$0(ErrorFilter.java:44)
	at org.openqa.selenium.remote.http.Filter$1.execute(Filter.java:63)
	at org.openqa.selenium.netty.server.SeleniumHandler.lambda$channelRead0$0(SeleniumHandler.java:44)
	at java.base/java.util.concurrent.Executors$RunnableAdapter.call(Executors.java:515)
	at java.base/java.util.concurrent.FutureTask.run(FutureTask.java:264)
	at java.base/java.util.concurrent.ThreadPoolExecutor.runWorker(ThreadPoolExecutor.java:1128)
	at java.base/java.util.concurrent.ThreadPoolExecutor$Worker.run(ThreadPoolExecutor.java:628)
	at java.base/java.lang.Thread.run(Thread.java:829)

2025-05-28 15:25:55 - src.scrapers.book_scraper - ERROR - [contemporary-fff1b84b] - Error extracting books from page: Message: Unable to find session with ID: fef6d387dacb8ec129ee985546c3f108
Build info: version: '4.15.0', revision: '1d14b5521b'
System info: os.name: 'Linux', os.arch: 'amd64', os.version: '6.6.87.1-microsoft-standard-WSL2', java.version: '11.0.21'
Driver info: driver.version: unknown
Stacktrace:
org.openqa.selenium.NoSuchSessionException: Unable to find session with ID: fef6d387dacb8ec129ee985546c3f108
Build info: version: '4.15.0', revision: '1d14b5521b'
System info: os.name: 'Linux', os.arch: 'amd64', os.version: '6.6.87.1-microsoft-standard-WSL2', java.version: '11.0.21'
Driver info: driver.version: unknown
	at org.openqa.selenium.grid.sessionmap.local.LocalSessionMap.get(LocalSessionMap.java:132)
	at org.openqa.selenium.grid.router.HandleSession.lambda$loadSessionId$4(HandleSession.java:160)
	at io.opentelemetry.context.Context.lambda$wrap$2(Context.java:224)
	at org.openqa.selenium.grid.router.HandleSession.execute(HandleSession.java:122)
	at org.openqa.selenium.remote.http.Route$PredicatedRoute.handle(Route.java:382)
	at org.openqa.selenium.remote.http.Route.execute(Route.java:69)
	at org.openqa.selenium.remote.http.Route$CombinedRoute.handle(Route.java:345)
	at org.openqa.selenium.remote.http.Route.execute(Route.java:69)
	at org.openqa.selenium.grid.router.Router.execute(Router.java:87)
	at org.openqa.selenium.grid.web.EnsureSpecCompliantResponseHeaders.lambda$apply$0(EnsureSpecCompliantResponseHeaders.java:34)
	at org.openqa.selenium.remote.http.Filter$1.execute(Filter.java:63)
	at org.openqa.selenium.remote.http.Route$CombinedRoute.handle(Route.java:345)
	at org.openqa.selenium.remote.http.Route.execute(Route.java:69)
	at org.openqa.selenium.remote.http.Route$NestedRoute.handle(Route.java:271)
	at org.openqa.selenium.remote.http.Route.execute(Route.java:69)
	at org.openqa.selenium.remote.http.Route$CombinedRoute.handle(Route.java:345)
	at org.openqa.selenium.remote.http.Route.execute(Route.java:69)
	at org.openqa.selenium.remote.http.Route$CombinedRoute.handle(Route.java:345)
	at org.openqa.selenium.remote.http.Route.execute(Route.java:69)
	at org.openqa.selenium.remote.http.Route$CombinedRoute.handle(Route.java:345)
	at org.openqa.selenium.remote.http.Route.execute(Route.java:69)
	at org.openqa.selenium.remote.http.Route$CombinedRoute.handle(Route.java:345)
	at org.openqa.selenium.remote.http.Route.execute(Route.java:69)
	at org.openqa.selenium.remote.AddWebDriverSpecHeaders.lambda$apply$0(AddWebDriverSpecHeaders.java:35)
	at org.openqa.selenium.remote.ErrorFilter.lambda$apply$0(ErrorFilter.java:44)
	at org.openqa.selenium.remote.http.Filter$1.execute(Filter.java:63)
	at org.openqa.selenium.remote.ErrorFilter.lambda$apply$0(ErrorFilter.java:44)
	at org.openqa.selenium.remote.http.Filter$1.execute(Filter.java:63)
	at org.openqa.selenium.netty.server.SeleniumHandler.lambda$channelRead0$0(SeleniumHandler.java:44)
	at java.base/java.util.concurrent.Executors$RunnableAdapter.call(Executors.java:515)
	at java.base/java.util.concurrent.FutureTask.run(FutureTask.java:264)
	at java.base/java.util.concurrent.ThreadPoolExecutor.runWorker(ThreadPoolExecutor.java:1128)
	at java.base/java.util.concurrent.ThreadPoolExecutor$Worker.run(ThreadPoolExecutor.java:628)
	at java.base/java.lang.Thread.run(Thread.java:829)

2025-05-28 16:01:24 - src.orchestrator.session_manager - ERROR - [sequential art-be6b9ada] - Session sequential art-be6b9ada failed: Session exceeded timeout of 300 seconds
2025-05-28 16:04:08 - src.orchestrator.session_manager - ERROR - [fiction-5989eb54] - Session fiction-5989eb54 failed: Session exceeded timeout of 300 seconds
2025-05-28 16:06:04 - src.orchestrator.session_manager - ERROR - [nonfiction-a8ec32a9] - Session nonfiction-a8ec32a9 failed: Session exceeded timeout of 300 seconds
2025-05-28 16:06:57 - src.orchestrator.session_manager - ERROR - [default-bd9254fc] - Session default-bd9254fc failed: Session exceeded timeout of 300 seconds
2025-05-28 16:09:32 - src.orchestrator.session_manager - ERROR - [fantasy-077e0c8f] - Session fantasy-077e0c8f failed: Session exceeded timeout of 300 seconds
2025-05-28 16:10:50 - src.orchestrator.session_manager - ERROR - [young adult-dd2276b7] - Session young adult-dd2276b7 failed: Session exceeded timeout of 300 seconds
